[debug] [2025-11-10T10:47:49.930Z] ----------------------------------------------------------------------
[debug] [2025-11-10T10:47:49.934Z] Command:       C:\Program Files\nodejs\node.exe C:\Users\Pranavika\AppData\Roaming\npm\node_modules\firebase-tools\lib\bin\firebase.js deploy --only functions --force
[debug] [2025-11-10T10:47:49.934Z] CLI Version:   14.24.1
[debug] [2025-11-10T10:47:49.934Z] Platform:      win32
[debug] [2025-11-10T10:47:49.934Z] Node Version:  v25.0.0
[debug] [2025-11-10T10:47:49.935Z] Time:          Mon Nov 10 2025 16:17:49 GMT+0530 (India Standard Time)
[debug] [2025-11-10T10:47:49.935Z] ----------------------------------------------------------------------
[debug] 
[debug] [2025-11-10T10:47:50.248Z] > command requires scopes: ["email","openid","https://www.googleapis.com/auth/cloudplatformprojects.readonly","https://www.googleapis.com/auth/firebase","https://www.googleapis.com/auth/cloud-platform"]
[debug] [2025-11-10T10:47:50.249Z] > authorizing via signed-in user (manivasakampranavika024@gmail.com)
[debug] [2025-11-10T10:47:50.249Z] [iam] checking project document-collaboration-system for permissions ["cloudfunctions.functions.create","cloudfunctions.functions.delete","cloudfunctions.functions.get","cloudfunctions.functions.list","cloudfunctions.functions.update","cloudfunctions.operations.get","firebase.projects.get"]
[debug] [2025-11-10T10:47:50.251Z] Checked if tokens are valid: true, expires at: 1762775149477
[debug] [2025-11-10T10:47:50.251Z] Checked if tokens are valid: true, expires at: 1762775149477
[debug] [2025-11-10T10:47:50.253Z] >>> [apiv2][query] POST https://cloudresourcemanager.googleapis.com/v1/projects/document-collaboration-system:testIamPermissions [none]
[debug] [2025-11-10T10:47:50.253Z] >>> [apiv2][(partial)header] POST https://cloudresourcemanager.googleapis.com/v1/projects/document-collaboration-system:testIamPermissions x-goog-quota-user=projects/document-collaboration-system
[debug] [2025-11-10T10:47:50.253Z] >>> [apiv2][body] POST https://cloudresourcemanager.googleapis.com/v1/projects/document-collaboration-system:testIamPermissions {"permissions":["cloudfunctions.functions.create","cloudfunctions.functions.delete","cloudfunctions.functions.get","cloudfunctions.functions.list","cloudfunctions.functions.update","cloudfunctions.operations.get","firebase.projects.get"]}
[debug] [2025-11-10T10:48:01.001Z] <<< [apiv2][status] POST https://cloudresourcemanager.googleapis.com/v1/projects/document-collaboration-system:testIamPermissions 200
[debug] [2025-11-10T10:48:01.002Z] <<< [apiv2][body] POST https://cloudresourcemanager.googleapis.com/v1/projects/document-collaboration-system:testIamPermissions {"permissions":["cloudfunctions.functions.create","cloudfunctions.functions.delete","cloudfunctions.functions.get","cloudfunctions.functions.list","cloudfunctions.functions.update","cloudfunctions.operations.get","firebase.projects.get"]}
[debug] [2025-11-10T10:48:01.002Z] Checked if tokens are valid: true, expires at: 1762775149477
[debug] [2025-11-10T10:48:01.002Z] Checked if tokens are valid: true, expires at: 1762775149477
[debug] [2025-11-10T10:48:01.003Z] >>> [apiv2][query] POST https://iam.googleapis.com/v1/projects/document-collaboration-system/serviceAccounts/document-collaboration-system@appspot.gserviceaccount.com:testIamPermissions [none]
[debug] [2025-11-10T10:48:01.003Z] >>> [apiv2][body] POST https://iam.googleapis.com/v1/projects/document-collaboration-system/serviceAccounts/document-collaboration-system@appspot.gserviceaccount.com:testIamPermissions {"permissions":["iam.serviceAccounts.actAs"]}
[debug] [2025-11-10T10:48:11.277Z] <<< [apiv2][status] POST https://iam.googleapis.com/v1/projects/document-collaboration-system/serviceAccounts/document-collaboration-system@appspot.gserviceaccount.com:testIamPermissions 200
[debug] [2025-11-10T10:48:11.277Z] <<< [apiv2][body] POST https://iam.googleapis.com/v1/projects/document-collaboration-system/serviceAccounts/document-collaboration-system@appspot.gserviceaccount.com:testIamPermissions {"permissions":["iam.serviceAccounts.actAs"]}
[info] 
[info] === Deploying to 'document-collaboration-system'...
[info] 
[info] i  deploying functions 
[info] Running command: npm --prefix "$RESOURCE_DIR" run lint
[info] +  functions: Finished running predeploy script. 
[debug] [2025-11-10T10:48:12.498Z] Checked if tokens are valid: true, expires at: 1762775149477
[debug] [2025-11-10T10:48:12.498Z] Checked if tokens are valid: true, expires at: 1762775149477
[debug] [2025-11-10T10:48:12.499Z] >>> [apiv2][query] GET https://cloudresourcemanager.googleapis.com/v1/projects/document-collaboration-system [none]
[debug] [2025-11-10T10:48:20.125Z] <<< [apiv2][status] GET https://cloudresourcemanager.googleapis.com/v1/projects/document-collaboration-system 200
[debug] [2025-11-10T10:48:20.125Z] <<< [apiv2][body] GET https://cloudresourcemanager.googleapis.com/v1/projects/document-collaboration-system {"projectNumber":"465138729599","projectId":"document-collaboration-system","lifecycleState":"ACTIVE","name":"document-collaboration-system","labels":{"firebase":"enabled","firebase-core":"disabled"},"createTime":"2025-11-09T08:01:37.203206Z"}
[info] i  functions: preparing codebase default for deployment 
[info] i  functions: ensuring required API cloudfunctions.googleapis.com is enabled... 
[info] i  functions: ensuring required API cloudbuild.googleapis.com is enabled... 
[debug] [2025-11-10T10:48:20.131Z] Checked if tokens are valid: true, expires at: 1762775149477
[debug] [2025-11-10T10:48:20.131Z] Checked if tokens are valid: true, expires at: 1762775149477
[info] i  artifactregistry: ensuring required API artifactregistry.googleapis.com is enabled... 
[debug] [2025-11-10T10:48:20.132Z] Checked if tokens are valid: true, expires at: 1762775149477
[debug] [2025-11-10T10:48:20.132Z] Checked if tokens are valid: true, expires at: 1762775149477
[debug] [2025-11-10T10:48:20.132Z] >>> [apiv2][query] GET https://serviceusage.googleapis.com/v1/projects/document-collaboration-system/services/cloudbuild.googleapis.com [none]
[debug] [2025-11-10T10:48:20.132Z] >>> [apiv2][(partial)header] GET https://serviceusage.googleapis.com/v1/projects/document-collaboration-system/services/cloudbuild.googleapis.com x-goog-quota-user=projects/document-collaboration-system
[debug] [2025-11-10T10:48:20.135Z] >>> [apiv2][query] GET https://serviceusage.googleapis.com/v1/projects/document-collaboration-system/services/artifactregistry.googleapis.com [none]
[debug] [2025-11-10T10:48:20.135Z] >>> [apiv2][(partial)header] GET https://serviceusage.googleapis.com/v1/projects/document-collaboration-system/services/artifactregistry.googleapis.com x-goog-quota-user=projects/document-collaboration-system
[debug] [2025-11-10T10:48:26.738Z] <<< [apiv2][status] GET https://serviceusage.googleapis.com/v1/projects/document-collaboration-system/services/artifactregistry.googleapis.com 200
[debug] [2025-11-10T10:48:26.738Z] <<< [apiv2][body] GET https://serviceusage.googleapis.com/v1/projects/document-collaboration-system/services/artifactregistry.googleapis.com [omitted]
[warn] !  artifactregistry: missing required API artifactregistry.googleapis.com. Enabling now... 
[debug] [2025-11-10T10:48:26.740Z] Checked if tokens are valid: true, expires at: 1762775149477
[debug] [2025-11-10T10:48:26.740Z] Checked if tokens are valid: true, expires at: 1762775149477
[debug] [2025-11-10T10:48:26.740Z] >>> [apiv2][query] POST https://serviceusage.googleapis.com/v1/projects/document-collaboration-system/services/artifactregistry.googleapis.com:enable [none]
[debug] [2025-11-10T10:48:26.741Z] >>> [apiv2][(partial)header] POST https://serviceusage.googleapis.com/v1/projects/document-collaboration-system/services/artifactregistry.googleapis.com:enable x-goog-quota-user=projects/document-collaboration-system
[debug] [2025-11-10T10:48:27.959Z] <<< [apiv2][status] GET https://serviceusage.googleapis.com/v1/projects/document-collaboration-system/services/cloudbuild.googleapis.com 200
[debug] [2025-11-10T10:48:27.959Z] <<< [apiv2][body] GET https://serviceusage.googleapis.com/v1/projects/document-collaboration-system/services/cloudbuild.googleapis.com [omitted]
[warn] !  functions: missing required API cloudbuild.googleapis.com. Enabling now... 
[debug] [2025-11-10T10:48:27.960Z] Checked if tokens are valid: true, expires at: 1762775149477
[debug] [2025-11-10T10:48:27.960Z] Checked if tokens are valid: true, expires at: 1762775149477
[debug] [2025-11-10T10:48:27.960Z] >>> [apiv2][query] POST https://serviceusage.googleapis.com/v1/projects/document-collaboration-system/services/cloudbuild.googleapis.com:enable [none]
[debug] [2025-11-10T10:48:27.961Z] >>> [apiv2][(partial)header] POST https://serviceusage.googleapis.com/v1/projects/document-collaboration-system/services/cloudbuild.googleapis.com:enable x-goog-quota-user=projects/document-collaboration-system
[debug] [2025-11-10T10:48:29.378Z] <<< [apiv2][status] POST https://serviceusage.googleapis.com/v1/projects/document-collaboration-system/services/cloudbuild.googleapis.com:enable 400
[debug] [2025-11-10T10:48:29.378Z] <<< [apiv2][body] POST https://serviceusage.googleapis.com/v1/projects/document-collaboration-system/services/cloudbuild.googleapis.com:enable [omitted]
[debug] [2025-11-10T10:48:29.409Z] <<< [apiv2][status] POST https://serviceusage.googleapis.com/v1/projects/document-collaboration-system/services/artifactregistry.googleapis.com:enable 400
[debug] [2025-11-10T10:48:29.410Z] <<< [apiv2][body] POST https://serviceusage.googleapis.com/v1/projects/document-collaboration-system/services/artifactregistry.googleapis.com:enable [omitted]
[debug] [2025-11-10T10:48:34.415Z] Error: Timed out.
    at Timeout._onTimeout (C:\Users\Pranavika\AppData\Roaming\npm\node_modules\firebase-tools\lib\utils.js:275:49)
    at listOnTimeout (node:internal/timers:605:17)
    at process.processTimers (node:internal/timers:541:7)
[error] 
[error] Error: An unexpected error has occurred.
[debug] [2025-11-10T10:49:36.237Z] ----------------------------------------------------------------------
[debug] [2025-11-10T10:49:36.240Z] Command:       C:\Program Files\nodejs\node.exe C:\Users\Pranavika\AppData\Roaming\npm\node_modules\firebase-tools\lib\bin\firebase.js deploy --only functions
[debug] [2025-11-10T10:49:36.241Z] CLI Version:   14.24.1
[debug] [2025-11-10T10:49:36.241Z] Platform:      win32
[debug] [2025-11-10T10:49:36.241Z] Node Version:  v25.0.0
[debug] [2025-11-10T10:49:36.242Z] Time:          Mon Nov 10 2025 16:19:36 GMT+0530 (India Standard Time)
[debug] [2025-11-10T10:49:36.242Z] ----------------------------------------------------------------------
[debug] 
[debug] [2025-11-10T10:49:36.662Z] > command requires scopes: ["email","openid","https://www.googleapis.com/auth/cloudplatformprojects.readonly","https://www.googleapis.com/auth/firebase","https://www.googleapis.com/auth/cloud-platform"]
[debug] [2025-11-10T10:49:36.663Z] > authorizing via signed-in user (manivasakampranavika024@gmail.com)
[debug] [2025-11-10T10:49:36.663Z] [iam] checking project document-collaboration-system for permissions ["cloudfunctions.functions.create","cloudfunctions.functions.delete","cloudfunctions.functions.get","cloudfunctions.functions.list","cloudfunctions.functions.update","cloudfunctions.operations.get","firebase.projects.get"]
[debug] [2025-11-10T10:49:36.665Z] Checked if tokens are valid: true, expires at: 1762775149477
[debug] [2025-11-10T10:49:36.665Z] Checked if tokens are valid: true, expires at: 1762775149477
[debug] [2025-11-10T10:49:36.667Z] >>> [apiv2][query] POST https://cloudresourcemanager.googleapis.com/v1/projects/document-collaboration-system:testIamPermissions [none]
[debug] [2025-11-10T10:49:36.668Z] >>> [apiv2][(partial)header] POST https://cloudresourcemanager.googleapis.com/v1/projects/document-collaboration-system:testIamPermissions x-goog-quota-user=projects/document-collaboration-system
[debug] [2025-11-10T10:49:36.668Z] >>> [apiv2][body] POST https://cloudresourcemanager.googleapis.com/v1/projects/document-collaboration-system:testIamPermissions {"permissions":["cloudfunctions.functions.create","cloudfunctions.functions.delete","cloudfunctions.functions.get","cloudfunctions.functions.list","cloudfunctions.functions.update","cloudfunctions.operations.get","firebase.projects.get"]}
[debug] [2025-11-10T10:49:41.965Z] <<< [apiv2][status] POST https://cloudresourcemanager.googleapis.com/v1/projects/document-collaboration-system:testIamPermissions 200
[debug] [2025-11-10T10:49:41.965Z] <<< [apiv2][body] POST https://cloudresourcemanager.googleapis.com/v1/projects/document-collaboration-system:testIamPermissions {"permissions":["cloudfunctions.functions.create","cloudfunctions.functions.delete","cloudfunctions.functions.get","cloudfunctions.functions.list","cloudfunctions.functions.update","cloudfunctions.operations.get","firebase.projects.get"]}
[debug] [2025-11-10T10:49:41.966Z] Checked if tokens are valid: true, expires at: 1762775149477
[debug] [2025-11-10T10:49:41.966Z] Checked if tokens are valid: true, expires at: 1762775149477
[debug] [2025-11-10T10:49:41.966Z] >>> [apiv2][query] POST https://iam.googleapis.com/v1/projects/document-collaboration-system/serviceAccounts/document-collaboration-system@appspot.gserviceaccount.com:testIamPermissions [none]
[debug] [2025-11-10T10:49:41.966Z] >>> [apiv2][body] POST https://iam.googleapis.com/v1/projects/document-collaboration-system/serviceAccounts/document-collaboration-system@appspot.gserviceaccount.com:testIamPermissions {"permissions":["iam.serviceAccounts.actAs"]}
[debug] [2025-11-10T10:49:49.648Z] <<< [apiv2][status] POST https://iam.googleapis.com/v1/projects/document-collaboration-system/serviceAccounts/document-collaboration-system@appspot.gserviceaccount.com:testIamPermissions 200
[debug] [2025-11-10T10:49:49.649Z] <<< [apiv2][body] POST https://iam.googleapis.com/v1/projects/document-collaboration-system/serviceAccounts/document-collaboration-system@appspot.gserviceaccount.com:testIamPermissions {"permissions":["iam.serviceAccounts.actAs"]}
[info] 
[info] === Deploying to 'document-collaboration-system'...
[info] 
[info] i  deploying functions 
[info] Running command: npm --prefix "$RESOURCE_DIR" run lint
[info] +  functions: Finished running predeploy script. 
[debug] [2025-11-10T10:49:50.688Z] Checked if tokens are valid: true, expires at: 1762775149477
[debug] [2025-11-10T10:49:50.688Z] Checked if tokens are valid: true, expires at: 1762775149477
[debug] [2025-11-10T10:49:50.688Z] >>> [apiv2][query] GET https://cloudresourcemanager.googleapis.com/v1/projects/document-collaboration-system [none]
[debug] [2025-11-10T10:49:59.939Z] <<< [apiv2][status] GET https://cloudresourcemanager.googleapis.com/v1/projects/document-collaboration-system 200
[debug] [2025-11-10T10:49:59.939Z] <<< [apiv2][body] GET https://cloudresourcemanager.googleapis.com/v1/projects/document-collaboration-system {"projectNumber":"465138729599","projectId":"document-collaboration-system","lifecycleState":"ACTIVE","name":"document-collaboration-system","labels":{"firebase":"enabled","firebase-core":"disabled"},"createTime":"2025-11-09T08:01:37.203206Z"}
[info] i  functions: preparing codebase default for deployment 
[info] i  functions: ensuring required API cloudfunctions.googleapis.com is enabled... 
[info] i  functions: ensuring required API cloudbuild.googleapis.com is enabled... 
[debug] [2025-11-10T10:49:59.945Z] Checked if tokens are valid: true, expires at: 1762775149477
[debug] [2025-11-10T10:49:59.945Z] Checked if tokens are valid: true, expires at: 1762775149477
[info] i  artifactregistry: ensuring required API artifactregistry.googleapis.com is enabled... 
[debug] [2025-11-10T10:49:59.946Z] Checked if tokens are valid: true, expires at: 1762775149477
[debug] [2025-11-10T10:49:59.946Z] Checked if tokens are valid: true, expires at: 1762775149477
[debug] [2025-11-10T10:49:59.946Z] >>> [apiv2][query] GET https://serviceusage.googleapis.com/v1/projects/document-collaboration-system/services/cloudbuild.googleapis.com [none]
[debug] [2025-11-10T10:49:59.946Z] >>> [apiv2][(partial)header] GET https://serviceusage.googleapis.com/v1/projects/document-collaboration-system/services/cloudbuild.googleapis.com x-goog-quota-user=projects/document-collaboration-system
[debug] [2025-11-10T10:49:59.948Z] >>> [apiv2][query] GET https://serviceusage.googleapis.com/v1/projects/document-collaboration-system/services/artifactregistry.googleapis.com [none]
[debug] [2025-11-10T10:49:59.948Z] >>> [apiv2][(partial)header] GET https://serviceusage.googleapis.com/v1/projects/document-collaboration-system/services/artifactregistry.googleapis.com x-goog-quota-user=projects/document-collaboration-system
[debug] [2025-11-10T10:50:05.130Z] <<< [apiv2][status] GET https://serviceusage.googleapis.com/v1/projects/document-collaboration-system/services/cloudbuild.googleapis.com 200
[debug] [2025-11-10T10:50:05.130Z] <<< [apiv2][body] GET https://serviceusage.googleapis.com/v1/projects/document-collaboration-system/services/cloudbuild.googleapis.com [omitted]
[warn] !  functions: missing required API cloudbuild.googleapis.com. Enabling now... 
[debug] [2025-11-10T10:50:05.132Z] Checked if tokens are valid: true, expires at: 1762775149477
[debug] [2025-11-10T10:50:05.132Z] Checked if tokens are valid: true, expires at: 1762775149477
[debug] [2025-11-10T10:50:05.132Z] >>> [apiv2][query] POST https://serviceusage.googleapis.com/v1/projects/document-collaboration-system/services/cloudbuild.googleapis.com:enable [none]
[debug] [2025-11-10T10:50:05.132Z] >>> [apiv2][(partial)header] POST https://serviceusage.googleapis.com/v1/projects/document-collaboration-system/services/cloudbuild.googleapis.com:enable x-goog-quota-user=projects/document-collaboration-system
[debug] [2025-11-10T10:50:06.374Z] <<< [apiv2][status] POST https://serviceusage.googleapis.com/v1/projects/document-collaboration-system/services/cloudbuild.googleapis.com:enable 400
[debug] [2025-11-10T10:50:06.374Z] <<< [apiv2][body] POST https://serviceusage.googleapis.com/v1/projects/document-collaboration-system/services/cloudbuild.googleapis.com:enable [omitted]
[debug] [2025-11-10T10:50:08.982Z] <<< [apiv2][status] GET https://serviceusage.googleapis.com/v1/projects/document-collaboration-system/services/artifactregistry.googleapis.com 200
[debug] [2025-11-10T10:50:08.982Z] <<< [apiv2][body] GET https://serviceusage.googleapis.com/v1/projects/document-collaboration-system/services/artifactregistry.googleapis.com [omitted]
[warn] !  artifactregistry: missing required API artifactregistry.googleapis.com. Enabling now... 
[debug] [2025-11-10T10:50:08.983Z] Checked if tokens are valid: true, expires at: 1762775149477
[debug] [2025-11-10T10:50:08.983Z] Checked if tokens are valid: true, expires at: 1762775149477
[debug] [2025-11-10T10:50:08.983Z] >>> [apiv2][query] POST https://serviceusage.googleapis.com/v1/projects/document-collaboration-system/services/artifactregistry.googleapis.com:enable [none]
[debug] [2025-11-10T10:50:08.983Z] >>> [apiv2][(partial)header] POST https://serviceusage.googleapis.com/v1/projects/document-collaboration-system/services/artifactregistry.googleapis.com:enable x-goog-quota-user=projects/document-collaboration-system
[debug] [2025-11-10T10:50:11.392Z] Error: Timed out.
    at Timeout._onTimeout (C:\Users\Pranavika\AppData\Roaming\npm\node_modules\firebase-tools\lib\utils.js:275:49)
    at listOnTimeout (node:internal/timers:605:17)
    at process.processTimers (node:internal/timers:541:7)
[error] 
[error] Error: An unexpected error has occurred.
